<?xml version="1.0" encoding="UTF-8"?>
<!-- Generated by org.testng.reporters.JUnitReportReporter -->
<testsuite name="com.AutomationFramework.Automation.AppTest" tests="1" time="0.001" ignored="0" failures="0" timestamp="16 Feb 2018 05:12:43 GMT" skipped="0" hostname="DT-Aditya" errors="0">
  <testcase name="testApp" time="0.001" classname="com.AutomationFramework.Automation.AppTest"/>
</testsuite> <!-- com.AutomationFramework.Automation.AppTest -->
