<?xml version="1.0" encoding="UTF-8"?>
<!-- Generated by org.testng.reporters.JUnitReportReporter -->
<testsuite name="Test_Automation.Automation_Tests.AppTest" tests="1" time="0.006" ignored="0" failures="0" timestamp="19 Jun 2018 12:06:14 GMT" skipped="0" hostname="DT-Aditya" errors="0">
  <testcase name="testApp" time="0.006" classname="Test_Automation.Automation_Tests.AppTest"/>
</testsuite> <!-- Test_Automation.Automation_Tests.AppTest -->
